2026-07-15 09:01:12 GET /api/orders 200 123ms
2026-07-15 09:01:45 GET /api/orders 200 98ms
2026-07-15 09:02:03 POST /api/orders 201 210ms
2026-07-15 09:02:31 GET /api/products 200 87ms
2026-07-15 09:03:10 GET /api/orders 200 105ms
2026-07-15 09:03:44 GET /api/users/42 404 35ms
2026-07-15 09:04:02 GET /api/products 200 91ms
2026-07-15 09:04:59 GET /api/orders 500 1520ms
2026-07-15 09:05:20 GET /api/orders 200 110ms
2026-07-15 09:06:07 POST /api/login 200 340ms
2026-07-15 09:06:41 GET /api/products 200 76ms
2026-07-15 09:07:15 GET /legacy/export 301 12ms
2026-07-15 09:08:02 GET /api/orders 200 131ms
2026-07-15 09:08:38 GET /api/users/7 404 28ms
2026-07-15 09:09:11 GET /api/orders 503 2040ms
2026-07-15 09:09:47 GET /api/products 200 83ms

2026-07-15 09:10:22 POST /api/orders 201 195ms
2026-07-15 09:11:05 GET /api/orders 200 117ms
2026-07-15 09:11:39 GET /api/products 200 95ms
2026-07-15 09:12:14 GET /api/health
2026-07-15 09:12:50 GET /api/orders 200 102ms
2026-07-15 09:13:26 GET /api/users/99 404 31ms
2026-07-15 09:14:01 GET /api/orders 500 1210ms
2026-07-15 09:14:33 POST /api/login 200 295ms
2026-07-15 09:15:09 GET /legacy/export 301 15ms
2026-07-15 09:15:48 GET /api/products 200 88ms
2026-07-15 09:16:20 GET /api/orders 200 126ms
2026-07-15 09:16:55 GET /api/orders 503 1875ms
2026-07-15 09:17:31 GET /api/users/13 404 27ms
2026-07-15 09:18:06 GET /api/orders 200 119ms
2026-07-15 09:18:44 GET /api/products 200 79ms
2026-07-15 09:19:21 POST /api/orders 201 188ms
